<?xml version="1.0" encoding="UTF-8"?>
<!-- Generated by org.testng.reporters.JUnitReportReporter -->
<testsuite skipped="0" hostname="LAPTOP-91GRH22P" name="framework.appium.appiumTest" tests="1" failures="0" timestamp="2021-01-28T10:53:18 IST" time="95.606" errors="0">
  <testcase name="TestCart" time="95.606" classname="framework.appium.appiumTest"/>
  <system-out/>
</testsuite> <!-- framework.appium.appiumTest -->
